2019-8-9,9:46:57,ROM SIZE		 11752		(HEX.00002DE8)
2019-8-9,9:46:57,RAM SIZE		 516		(HEX.00000204)
2019-8-9,10:22:48,ROM SIZE		 11752		(HEX.00002DE8)
2019-8-9,10:22:48,RAM SIZE		 516		(HEX.00000204)
2019-8-9,10:22:54,ROM SIZE		 11752		(HEX.00002DE8)
2019-8-9,10:22:54,RAM SIZE		 516		(HEX.00000204)
2019-8-9,10:39:35,ROM SIZE		 11764		(HEX.00002DF4)
2019-8-9,10:39:35,RAM SIZE		 516		(HEX.00000204)
2019-8-9,10:43:37,ROM SIZE		 11764		(HEX.00002DF4)
2019-8-9,10:43:37,RAM SIZE		 516		(HEX.00000204)
2019-8-9,10:47:23,ROM SIZE		 11778		(HEX.00002E02)
2019-8-9,10:47:23,RAM SIZE		 518		(HEX.00000206)
2019-8-9,10:53:08,ROM SIZE		 11517		(HEX.00002CFD)
2019-8-9,10:53:08,RAM SIZE		 518		(HEX.00000206)
2019-8-9,11:00:48,ROM SIZE		 11503		(HEX.00002CEF)
2019-8-9,11:00:48,RAM SIZE		 518		(HEX.00000206)
2019-8-9,11:08:22,ROM SIZE		 11516		(HEX.00002CFC)
2019-8-9,11:08:22,RAM SIZE		 516		(HEX.00000204)
2019-8-9,11:13:53,ROM SIZE		 11519		(HEX.00002CFF)
2019-8-9,11:13:53,RAM SIZE		 516		(HEX.00000204)
2019-8-9,11:28:48,ROM SIZE		 11519		(HEX.00002CFF)
2019-8-9,11:28:48,RAM SIZE		 516		(HEX.00000204)
2019-8-9,11:30:36,ROM SIZE		 11516		(HEX.00002CFC)
2019-8-9,11:30:36,RAM SIZE		 516		(HEX.00000204)
2019-8-9,11:32:15,ROM SIZE		 11519		(HEX.00002CFF)
2019-8-9,11:32:15,RAM SIZE		 516		(HEX.00000204)
2019-8-9,13:42:47,ROM SIZE		 11638		(HEX.00002D76)
2019-8-9,13:42:47,RAM SIZE		 516		(HEX.00000204)
2019-8-9,13:49:57,ROM SIZE		 11719		(HEX.00002DC7)
2019-8-9,13:49:57,RAM SIZE		 516		(HEX.00000204)
2019-8-9,15:54:49,ROM SIZE		 11865		(HEX.00002E59)
2019-8-9,15:54:49,RAM SIZE		 517		(HEX.00000205)
2019-8-9,16:06:22,ROM SIZE		 12105		(HEX.00002F49)
2019-8-9,16:06:22,RAM SIZE		 517		(HEX.00000205)
2019-8-9,16:07:16,ROM SIZE		 12098		(HEX.00002F42)
2019-8-9,16:07:16,RAM SIZE		 517		(HEX.00000205)
2019-8-9,16:12:37,ROM SIZE		 12105		(HEX.00002F49)
2019-8-9,16:12:37,RAM SIZE		 517		(HEX.00000205)
2019-8-9,16:13:52,ROM SIZE		 12105		(HEX.00002F49)
2019-8-9,16:13:52,RAM SIZE		 517		(HEX.00000205)
2019-8-9,16:14:29,ROM SIZE		 12105		(HEX.00002F49)
2019-8-9,16:14:29,RAM SIZE		 517		(HEX.00000205)
2019-8-9,16:15:07,ROM SIZE		 12105		(HEX.00002F49)
2019-8-9,16:15:07,RAM SIZE		 517		(HEX.00000205)
2019-8-9,16:15:59,ROM SIZE		 12098		(HEX.00002F42)
2019-8-9,16:15:59,RAM SIZE		 517		(HEX.00000205)
2019-8-9,16:16:36,ROM SIZE		 12098		(HEX.00002F42)
2019-8-9,16:16:36,RAM SIZE		 517		(HEX.00000205)
2019-8-9,16:18:50,ROM SIZE		 12130		(HEX.00002F62)
2019-8-9,16:18:50,RAM SIZE		 517		(HEX.00000205)
2019-8-9,16:20:10,ROM SIZE		 11979		(HEX.00002ECB)
2019-8-9,16:20:10,RAM SIZE		 517		(HEX.00000205)
2019-8-9,16:20:45,ROM SIZE		 11976		(HEX.00002EC8)
2019-8-9,16:20:45,RAM SIZE		 517		(HEX.00000205)
2019-8-9,16:21:31,ROM SIZE		 11976		(HEX.00002EC8)
2019-8-9,16:21:31,RAM SIZE		 517		(HEX.00000205)
2019-8-9,16:22:22,ROM SIZE		 11928		(HEX.00002E98)
2019-8-9,16:22:22,RAM SIZE		 517		(HEX.00000205)
2019-8-9,16:24:34,ROM SIZE		 12130		(HEX.00002F62)
2019-8-9,16:24:34,RAM SIZE		 517		(HEX.00000205)
2019-8-9,16:25:23,ROM SIZE		 12130		(HEX.00002F62)
2019-8-9,16:25:23,RAM SIZE		 517		(HEX.00000205)
2019-8-9,16:28:00,ROM SIZE		 12130		(HEX.00002F62)
2019-8-9,16:28:00,RAM SIZE		 517		(HEX.00000205)
2019-8-9,16:32:11,ROM SIZE		 12180		(HEX.00002F94)
2019-8-9,16:32:11,RAM SIZE		 517		(HEX.00000205)
2019/8/9,17:02:54,ROM SIZE		 12180		(HEX.00002F94)
2019/8/9,17:02:54,RAM SIZE		 517		(HEX.00000205)
2019/8/9,17:07:33,ROM SIZE		 12180		(HEX.00002F94)
2019/8/9,17:07:33,RAM SIZE		 517		(HEX.00000205)
2019/8/9,17:11:02,ROM SIZE		 12172		(HEX.00002F8C)
2019/8/9,17:11:02,RAM SIZE		 517		(HEX.00000205)
2019/8/9,17:13:53,ROM SIZE		 12172		(HEX.00002F8C)
2019/8/9,17:13:53,RAM SIZE		 517		(HEX.00000205)
2019/8/9,17:19:08,ROM SIZE		 12172		(HEX.00002F8C)
2019/8/9,17:19:08,RAM SIZE		 517		(HEX.00000205)
2019/8/9,17:20:48,ROM SIZE		 12136		(HEX.00002F68)
2019/8/9,17:20:48,RAM SIZE		 517		(HEX.00000205)
2019/8/9,17:26:30,ROM SIZE		 12136		(HEX.00002F68)
2019/8/9,17:26:30,RAM SIZE		 517		(HEX.00000205)
2019/8/9,17:27:42,ROM SIZE		 12144		(HEX.00002F70)
2019/8/9,17:27:42,RAM SIZE		 517		(HEX.00000205)
2019/8/9,17:27:52,ROM SIZE		 12180		(HEX.00002F94)
2019/8/9,17:27:52,RAM SIZE		 517		(HEX.00000205)
2019/8/9,17:29:59,ROM SIZE		 12178		(HEX.00002F92)
2019/8/9,17:29:59,RAM SIZE		 517		(HEX.00000205)
2019/8/9,17:32:04,ROM SIZE		 12323		(HEX.00003023)
2019/8/9,17:32:04,RAM SIZE		 517		(HEX.00000205)
2019/8/9,17:35:39,ROM SIZE		 12320		(HEX.00003020)
2019/8/9,17:35:39,RAM SIZE		 517		(HEX.00000205)
2019/8/9,17:35:51,ROM SIZE		 12320		(HEX.00003020)
2019/8/9,17:35:51,RAM SIZE		 517		(HEX.00000205)
2019/8/9,17:39:19,ROM SIZE		 12319		(HEX.0000301F)
2019/8/9,17:39:19,RAM SIZE		 517		(HEX.00000205)
2019/8/9,17:45:28,ROM SIZE		 12319		(HEX.0000301F)
2019/8/9,17:45:28,RAM SIZE		 517		(HEX.00000205)
2019/8/9,17:51:26,ROM SIZE		 12277		(HEX.00002FF5)
2019/8/9,17:51:26,RAM SIZE		 517		(HEX.00000205)
2019/8/9,17:52:43,ROM SIZE		 12283		(HEX.00002FFB)
2019/8/9,17:52:43,RAM SIZE		 517		(HEX.00000205)
2019/8/9,17:53:48,ROM SIZE		 12289		(HEX.00003001)
2019/8/9,17:53:48,RAM SIZE		 517		(HEX.00000205)
2019/8/9,17:54:56,ROM SIZE		 12308		(HEX.00003014)
2019/8/9,17:54:56,RAM SIZE		 517		(HEX.00000205)
2019/8/9,17:56:07,ROM SIZE		 12319		(HEX.0000301F)
2019/8/9,17:56:07,RAM SIZE		 517		(HEX.00000205)
2019/8/9,18:01:11,ROM SIZE		 12323		(HEX.00003023)
2019/8/9,18:01:11,RAM SIZE		 517		(HEX.00000205)
2019/8/9,20:39:45,ROM SIZE		 12323		(HEX.00003023)
2019/8/9,20:39:45,RAM SIZE		 517		(HEX.00000205)
2019/8/9,20:42:57,ROM SIZE		 12318		(HEX.0000301E)
2019/8/9,20:42:57,RAM SIZE		 517		(HEX.00000205)
2019/8/9,20:48:37,ROM SIZE		 12318		(HEX.0000301E)
2019/8/9,20:48:37,RAM SIZE		 517		(HEX.00000205)
2019/8/9,20:51:42,ROM SIZE		 12288		(HEX.00003000)
2019/8/9,20:51:42,RAM SIZE		 517		(HEX.00000205)
2019/8/9,20:53:49,ROM SIZE		 12283		(HEX.00002FFB)
2019/8/9,20:53:49,RAM SIZE		 517		(HEX.00000205)
2019/8/9,21:14:22,ROM SIZE		 12299		(HEX.0000300B)
2019/8/9,21:14:22,RAM SIZE		 517		(HEX.00000205)
2019/8/9,21:24:56,ROM SIZE		 12312		(HEX.00003018)
2019/8/9,21:24:56,RAM SIZE		 517		(HEX.00000205)
2019/8/9,21:31:07,ROM SIZE		 12318		(HEX.0000301E)
2019/8/9,21:31:07,RAM SIZE		 517		(HEX.00000205)
2019/8/9,21:37:31,ROM SIZE		 12525		(HEX.000030ED)
2019/8/9,21:37:31,RAM SIZE		 517		(HEX.00000205)
2019/8/9,21:37:41,ROM SIZE		 12525		(HEX.000030ED)
2019/8/9,21:37:41,RAM SIZE		 517		(HEX.00000205)
2019/8/9,21:38:52,ROM SIZE		 12318		(HEX.0000301E)
2019/8/9,21:38:52,RAM SIZE		 517		(HEX.00000205)
2019/8/10,14:17:41,ROM SIZE		 12318		(HEX.0000301E)
2019/8/10,14:17:41,RAM SIZE		 517		(HEX.00000205)
2019/8/10,14:22:38,ROM SIZE		 12316		(HEX.0000301C)
2019/8/10,14:22:38,RAM SIZE		 517		(HEX.00000205)
2019/8/10,14:39:05,ROM SIZE		 12326		(HEX.00003026)
2019/8/10,14:39:05,RAM SIZE		 517		(HEX.00000205)
2019/8/10,14:53:52,ROM SIZE		 12345		(HEX.00003039)
2019/8/10,14:53:52,RAM SIZE		 518		(HEX.00000206)
2019/8/10,15:01:10,ROM SIZE		 12327		(HEX.00003027)
2019/8/10,15:01:10,RAM SIZE		 519		(HEX.00000207)
2019/8/10,15:03:29,ROM SIZE		 12331		(HEX.0000302B)
2019/8/10,15:03:29,RAM SIZE		 519		(HEX.00000207)
2019/8/10,15:13:54,ROM SIZE		 12349		(HEX.0000303D)
2019/8/10,15:13:54,RAM SIZE		 519		(HEX.00000207)
2019/8/10,15:18:31,ROM SIZE		 12349		(HEX.0000303D)
2019/8/10,15:18:31,RAM SIZE		 519		(HEX.00000207)
2019/8/10,15:21:09,ROM SIZE		 12349		(HEX.0000303D)
2019/8/10,15:21:09,RAM SIZE		 519		(HEX.00000207)
2019/8/10,15:21:27,ROM SIZE		 12349		(HEX.0000303D)
2019/8/10,15:21:27,RAM SIZE		 519		(HEX.00000207)
2019/8/10,15:21:35,ROM SIZE		 12349		(HEX.0000303D)
2019/8/10,15:21:35,RAM SIZE		 519		(HEX.00000207)
2019/8/10,15:23:54,ROM SIZE		 12349		(HEX.0000303D)
2019/8/10,15:23:54,RAM SIZE		 519		(HEX.00000207)
2019/8/10,15:30:44,ROM SIZE		 12347		(HEX.0000303B)
2019/8/10,15:30:44,RAM SIZE		 519		(HEX.00000207)
2019/8/10,16:07:14,ROM SIZE		 12347		(HEX.0000303B)
2019/8/10,16:07:14,RAM SIZE		 519		(HEX.00000207)
2019/8/10,16:09:32,ROM SIZE		 12344		(HEX.00003038)
2019/8/10,16:09:32,RAM SIZE		 519		(HEX.00000207)
2019/8/10,16:11:46,ROM SIZE		 12347		(HEX.0000303B)
2019/8/10,16:11:46,RAM SIZE		 519		(HEX.00000207)
2019/8/10,16:36:20,ROM SIZE		 12339		(HEX.00003033)
2019/8/10,16:36:20,RAM SIZE		 519		(HEX.00000207)
2019/8/10,16:37:19,ROM SIZE		 12344		(HEX.00003038)
2019/8/10,16:37:19,RAM SIZE		 519		(HEX.00000207)
2019/8/10,16:40:52,ROM SIZE		 12349		(HEX.0000303D)
2019/8/10,16:40:52,RAM SIZE		 519		(HEX.00000207)
2019/8/10,16:44:04,ROM SIZE		 12327		(HEX.00003027)
2019/8/10,16:44:04,RAM SIZE		 519		(HEX.00000207)
2019/8/10,16:47:06,ROM SIZE		 12349		(HEX.0000303D)
2019/8/10,16:47:06,RAM SIZE		 519		(HEX.00000207)
2019/8/10,16:50:12,ROM SIZE		 12375		(HEX.00003057)
2019/8/10,16:50:12,RAM SIZE		 519		(HEX.00000207)
2019/8/10,16:53:38,ROM SIZE		 12337		(HEX.00003031)
2019/8/10,16:53:38,RAM SIZE		 519		(HEX.00000207)
2019/8/10,16:54:54,ROM SIZE		 12330		(HEX.0000302A)
2019/8/10,16:54:54,RAM SIZE		 519		(HEX.00000207)
2019/8/10,16:56:25,ROM SIZE		 12337		(HEX.00003031)
2019/8/10,16:56:25,RAM SIZE		 519		(HEX.00000207)
2019/8/10,16:58:17,ROM SIZE		 12347		(HEX.0000303B)
2019/8/10,16:58:17,RAM SIZE		 519		(HEX.00000207)
2019/8/10,16:59:56,ROM SIZE		 12341		(HEX.00003035)
2019/8/10,16:59:56,RAM SIZE		 519		(HEX.00000207)
2019/8/10,17:23:55,ROM SIZE		 12341		(HEX.00003035)
2019/8/10,17:23:55,RAM SIZE		 519		(HEX.00000207)
2019/8/10,17:33:41,ROM SIZE		 12339		(HEX.00003033)
2019/8/10,17:33:41,RAM SIZE		 519		(HEX.00000207)
2019/8/10,17:39:50,ROM SIZE		 12354		(HEX.00003042)
2019/8/10,17:39:50,RAM SIZE		 519		(HEX.00000207)
2019/8/10,17:41:40,ROM SIZE		 12357		(HEX.00003045)
2019/8/10,17:41:40,RAM SIZE		 519		(HEX.00000207)
2019/8/10,17:41:58,ROM SIZE		 12363		(HEX.0000304B)
2019/8/10,17:41:58,RAM SIZE		 519		(HEX.00000207)
2019/8/10,17:45:02,ROM SIZE		 12373		(HEX.00003055)
2019/8/10,17:45:02,RAM SIZE		 520		(HEX.00000208)
2019/8/10,17:47:18,ROM SIZE		 12363		(HEX.0000304B)
2019/8/10,17:47:18,RAM SIZE		 519		(HEX.00000207)
2019/8/10,17:47:28,ROM SIZE		 12366		(HEX.0000304E)
2019/8/10,17:47:28,RAM SIZE		 519		(HEX.00000207)
2019/8/10,17:53:46,ROM SIZE		 12365		(HEX.0000304D)
2019/8/10,17:53:46,RAM SIZE		 520		(HEX.00000208)
2019/8/10,18:00:11,ROM SIZE		 12362		(HEX.0000304A)
2019/8/10,18:00:11,RAM SIZE		 520		(HEX.00000208)
2019/8/10,18:05:16,ROM SIZE		 12365		(HEX.0000304D)
2019/8/10,18:05:16,RAM SIZE		 520		(HEX.00000208)
2019/8/10,18:08:51,ROM SIZE		 12369		(HEX.00003051)
2019/8/10,18:08:51,RAM SIZE		 520		(HEX.00000208)
2019/8/10,18:12:31,ROM SIZE		 12376		(HEX.00003058)
2019/8/10,18:12:31,RAM SIZE		 520		(HEX.00000208)
2019/8/10,18:14:56,ROM SIZE		 12382		(HEX.0000305E)
2019/8/10,18:14:56,RAM SIZE		 520		(HEX.00000208)
2019/8/10,18:16:51,ROM SIZE		 12386		(HEX.00003062)
2019/8/10,18:16:51,RAM SIZE		 520		(HEX.00000208)
2019/8/12,9:25:01,ROM SIZE		 12382		(HEX.0000305E)
2019/8/12,9:25:01,RAM SIZE		 520		(HEX.00000208)
2019/8/12,9:29:16,ROM SIZE		 12382		(HEX.0000305E)
2019/8/12,9:29:16,RAM SIZE		 520		(HEX.00000208)
2019/8/12,9:33:51,ROM SIZE		 12398		(HEX.0000306E)
2019/8/12,9:33:51,RAM SIZE		 521		(HEX.00000209)
2019/8/12,9:39:16,ROM SIZE		 12436		(HEX.00003094)
2019/8/12,9:39:16,RAM SIZE		 521		(HEX.00000209)
2019/8/12,9:43:42,ROM SIZE		 12416		(HEX.00003080)
2019/8/12,9:43:42,RAM SIZE		 521		(HEX.00000209)
2019/8/12,9:59:05,ROM SIZE		 12416		(HEX.00003080)
2019/8/12,9:59:05,RAM SIZE		 521		(HEX.00000209)
2019/8/12,10:29:08,ROM SIZE		 12441		(HEX.00003099)
2019/8/12,10:29:08,RAM SIZE		 521		(HEX.00000209)
2019/8/12,10:32:47,ROM SIZE		 12446		(HEX.0000309E)
2019/8/12,10:32:47,RAM SIZE		 521		(HEX.00000209)
2019/8/12,10:33:02,ROM SIZE		 12446		(HEX.0000309E)
2019/8/12,10:33:02,RAM SIZE		 521		(HEX.00000209)
2019/8/12,10:38:11,ROM SIZE		 12446		(HEX.0000309E)
2019/8/12,10:38:11,RAM SIZE		 521		(HEX.00000209)
2019/8/12,10:43:01,ROM SIZE		 12460		(HEX.000030AC)
2019/8/12,10:43:01,RAM SIZE		 521		(HEX.00000209)
2019/8/12,10:47:45,ROM SIZE		 12452		(HEX.000030A4)
2019/8/12,10:47:45,RAM SIZE		 521		(HEX.00000209)
2019/8/12,10:49:18,ROM SIZE		 12441		(HEX.00003099)
2019/8/12,10:49:18,RAM SIZE		 521		(HEX.00000209)
2019/8/12,10:52:42,ROM SIZE		 12464		(HEX.000030B0)
2019/8/12,10:52:42,RAM SIZE		 521		(HEX.00000209)
2019/8/12,10:54:50,ROM SIZE		 12459		(HEX.000030AB)
2019/8/12,10:54:50,RAM SIZE		 521		(HEX.00000209)
2019/8/12,10:56:34,ROM SIZE		 12442		(HEX.0000309A)
2019/8/12,10:56:34,RAM SIZE		 521		(HEX.00000209)
2019/8/12,10:58:03,ROM SIZE		 12459		(HEX.000030AB)
2019/8/12,10:58:03,RAM SIZE		 521		(HEX.00000209)
2019/8/12,11:18:39,ROM SIZE		 12442		(HEX.0000309A)
2019/8/12,11:18:39,RAM SIZE		 521		(HEX.00000209)
2019/8/12,11:20:47,ROM SIZE		 12449		(HEX.000030A1)
2019/8/12,11:20:47,RAM SIZE		 521		(HEX.00000209)
2019/8/12,11:25:02,ROM SIZE		 12470		(HEX.000030B6)
2019/8/12,11:25:02,RAM SIZE		 521		(HEX.00000209)
2019/8/12,11:28:11,ROM SIZE		 12461		(HEX.000030AD)
2019/8/12,11:28:11,RAM SIZE		 521		(HEX.00000209)
2019/8/12,11:30:16,ROM SIZE		 12464		(HEX.000030B0)
2019/8/12,11:30:16,RAM SIZE		 521		(HEX.00000209)
2019/8/12,11:30:23,ROM SIZE		 12464		(HEX.000030B0)
2019/8/12,11:30:23,RAM SIZE		 521		(HEX.00000209)
2019/8/12,11:31:41,ROM SIZE		 12464		(HEX.000030B0)
2019/8/12,11:31:41,RAM SIZE		 521		(HEX.00000209)
2019/8/19,15:41:25,ROM SIZE		 12464		(HEX.000030B0)
2019/8/19,15:41:25,RAM SIZE		 521		(HEX.00000209)
2019/8/19,17:39:57,ROM SIZE		 13255		(HEX.000033C7)
2019/8/19,17:39:57,RAM SIZE		 555		(HEX.0000022B)
2019/8/19,17:40:07,ROM SIZE		 13255		(HEX.000033C7)
2019/8/19,17:40:07,RAM SIZE		 555		(HEX.0000022B)
2019/8/19,17:49:50,ROM SIZE		 13335		(HEX.00003417)
2019/8/19,17:49:50,RAM SIZE		 555		(HEX.0000022B)
2019/8/19,18:06:34,ROM SIZE		 13335		(HEX.00003417)
2019/8/19,18:06:34,RAM SIZE		 555		(HEX.0000022B)
2019/9/2,9:56:11,ROM SIZE		 13335		(HEX.00003417)
2019/9/2,9:56:11,RAM SIZE		 555		(HEX.0000022B)
2019/9/2,10:12:45,ROM SIZE		 13334		(HEX.00003416)
2019/9/2,10:12:45,RAM SIZE		 555		(HEX.0000022B)
2019/9/3,8:52:34,ROM SIZE		 13370		(HEX.0000343A)
2019/9/3,8:52:34,RAM SIZE		 555		(HEX.0000022B)
2019/9/3,9:32:48,ROM SIZE		 13381		(HEX.00003445)
2019/9/3,9:32:48,RAM SIZE		 556		(HEX.0000022C)
2019/9/3,9:44:40,ROM SIZE		 13455		(HEX.0000348F)
2019/9/3,9:44:40,RAM SIZE		 556		(HEX.0000022C)
2019/9/3,10:11:23,ROM SIZE		 13455		(HEX.0000348F)
2019/9/3,10:11:23,RAM SIZE		 556		(HEX.0000022C)
2019/9/3,10:21:01,ROM SIZE		 13468		(HEX.0000349C)
2019/9/3,10:21:01,RAM SIZE		 556		(HEX.0000022C)
2019/9/3,10:28:52,ROM SIZE		 13468		(HEX.0000349C)
2019/9/3,10:28:52,RAM SIZE		 556		(HEX.0000022C)
2019/9/3,10:31:12,ROM SIZE		 13468		(HEX.0000349C)
2019/9/3,10:31:12,RAM SIZE		 556		(HEX.0000022C)
2019/9/3,10:45:18,ROM SIZE		 13468		(HEX.0000349C)
2019/9/3,10:45:18,RAM SIZE		 556		(HEX.0000022C)
2019/9/3,13:50:26,ROM SIZE		 13457		(HEX.00003491)
2019/9/3,13:50:26,RAM SIZE		 556		(HEX.0000022C)
2019/9/3,13:59:53,ROM SIZE		 13448		(HEX.00003488)
2019/9/3,13:59:53,RAM SIZE		 556		(HEX.0000022C)
2019/9/3,14:10:54,ROM SIZE		 13453		(HEX.0000348D)
2019/9/3,14:10:54,RAM SIZE		 556		(HEX.0000022C)
2019/9/3,14:14:14,ROM SIZE		 13453		(HEX.0000348D)
2019/9/3,14:14:14,RAM SIZE		 556		(HEX.0000022C)
2019/9/3,14:15:49,ROM SIZE		 13453		(HEX.0000348D)
2019/9/3,14:15:49,RAM SIZE		 556		(HEX.0000022C)
2019/9/3,14:17:08,ROM SIZE		 13453		(HEX.0000348D)
2019/9/3,14:17:08,RAM SIZE		 556		(HEX.0000022C)
2019/9/3,14:18:02,ROM SIZE		 13453		(HEX.0000348D)
2019/9/3,14:18:02,RAM SIZE		 556		(HEX.0000022C)
2019/9/3,14:20:58,ROM SIZE		 13453		(HEX.0000348D)
2019/9/3,14:20:58,RAM SIZE		 556		(HEX.0000022C)
2019/9/3,14:43:48,ROM SIZE		 13453		(HEX.0000348D)
2019/9/3,14:43:48,RAM SIZE		 556		(HEX.0000022C)
2019/9/3,14:44:53,ROM SIZE		 13453		(HEX.0000348D)
2019/9/3,14:44:53,RAM SIZE		 556		(HEX.0000022C)
2019/9/3,16:15:15,ROM SIZE		 13454		(HEX.0000348E)
2019/9/3,16:15:15,RAM SIZE		 556		(HEX.0000022C)
2019/9/3,16:18:53,ROM SIZE		 13426		(HEX.00003472)
2019/9/3,16:18:53,RAM SIZE		 556		(HEX.0000022C)
2019/9/3,16:20:10,ROM SIZE		 13401		(HEX.00003459)
2019/9/3,16:20:10,RAM SIZE		 556		(HEX.0000022C)
2019/9/3,16:21:42,ROM SIZE		 13403		(HEX.0000345B)
2019/9/3,16:21:42,RAM SIZE		 556		(HEX.0000022C)
2019/9/3,16:22:42,ROM SIZE		 13401		(HEX.00003459)
2019/9/3,16:22:42,RAM SIZE		 556		(HEX.0000022C)
2019/9/3,16:24:53,ROM SIZE		 13401		(HEX.00003459)
2019/9/3,16:24:53,RAM SIZE		 556		(HEX.0000022C)
2019/9/3,16:25:03,ROM SIZE		 13426		(HEX.00003472)
2019/9/3,16:25:03,RAM SIZE		 556		(HEX.0000022C)
2019/9/3,16:25:23,ROM SIZE		 13454		(HEX.0000348E)
2019/9/3,16:25:23,RAM SIZE		 556		(HEX.0000022C)
2019/9/4,16:40:50,ROM SIZE		 13454		(HEX.0000348E)
2019/9/4,16:40:50,RAM SIZE		 556		(HEX.0000022C)
2019/9/4,16:41:39,ROM SIZE		 13454		(HEX.0000348E)
2019/9/4,16:41:39,RAM SIZE		 556		(HEX.0000022C)
2019/9/4,18:02:17,ROM SIZE		 13454		(HEX.0000348E)
2019/9/4,18:02:17,RAM SIZE		 556		(HEX.0000022C)
2019/9/11,18:44:33,ROM SIZE		 13452		(HEX.0000348C)
2019/9/11,18:44:33,RAM SIZE		 556		(HEX.0000022C)
2019/9/11,18:47:56,ROM SIZE		 13452		(HEX.0000348C)
2019/9/11,18:47:56,RAM SIZE		 556		(HEX.0000022C)
2019/9/11,18:52:49,ROM SIZE		 13452		(HEX.0000348C)
2019/9/11,18:52:49,RAM SIZE		 556		(HEX.0000022C)
2019/9/11,18:54:00,ROM SIZE		 13452		(HEX.0000348C)
2019/9/11,18:54:00,RAM SIZE		 556		(HEX.0000022C)
2019/9/11,18:54:41,ROM SIZE		 13452		(HEX.0000348C)
2019/9/11,18:54:41,RAM SIZE		 556		(HEX.0000022C)
2019/9/11,18:55:24,ROM SIZE		 13452		(HEX.0000348C)
2019/9/11,18:55:24,RAM SIZE		 556		(HEX.0000022C)
2019/9/17,15:08:51,ROM SIZE		 13452		(HEX.0000348C)
2019/9/17,15:08:51,RAM SIZE		 556		(HEX.0000022C)
2019/9/17,15:25:27,ROM SIZE		 13455		(HEX.0000348F)
2019/9/17,15:25:27,RAM SIZE		 556		(HEX.0000022C)
2019/9/17,15:32:24,ROM SIZE		 13453		(HEX.0000348D)
2019/9/17,15:32:24,RAM SIZE		 556		(HEX.0000022C)
2019/9/17,15:36:19,ROM SIZE		 13449		(HEX.00003489)
2019/9/17,15:36:19,RAM SIZE		 556		(HEX.0000022C)
2019/9/17,15:38:53,ROM SIZE		 13487		(HEX.000034AF)
2019/9/17,15:38:53,RAM SIZE		 556		(HEX.0000022C)
2019/9/17,15:42:04,ROM SIZE		 13454		(HEX.0000348E)
2019/9/17,15:42:04,RAM SIZE		 556		(HEX.0000022C)
2019/9/17,15:44:09,ROM SIZE		 13461		(HEX.00003495)
2019/9/17,15:44:09,RAM SIZE		 556		(HEX.0000022C)
2019/9/17,15:46:48,ROM SIZE		 13449		(HEX.00003489)
2019/9/17,15:46:48,RAM SIZE		 556		(HEX.0000022C)
2019/9/17,15:59:00,ROM SIZE		 13445		(HEX.00003485)
2019/9/17,15:59:00,RAM SIZE		 556		(HEX.0000022C)
2019/9/17,16:24:24,ROM SIZE		 13440		(HEX.00003480)
2019/9/17,16:24:24,RAM SIZE		 556		(HEX.0000022C)
2019/9/17,16:31:50,ROM SIZE		 13440		(HEX.00003480)
2019/9/17,16:31:50,RAM SIZE		 556		(HEX.0000022C)
2019/9/17,16:37:23,ROM SIZE		 13447		(HEX.00003487)
2019/9/17,16:37:23,RAM SIZE		 556		(HEX.0000022C)
2019/9/17,16:39:52,ROM SIZE		 13450		(HEX.0000348A)
2019/9/17,16:39:52,RAM SIZE		 556		(HEX.0000022C)
2019/9/17,16:41:14,ROM SIZE		 13454		(HEX.0000348E)
2019/9/17,16:41:14,RAM SIZE		 556		(HEX.0000022C)
2019/9/17,16:43:04,ROM SIZE		 13454		(HEX.0000348E)
2019/9/17,16:43:04,RAM SIZE		 556		(HEX.0000022C)
2019/9/17,16:43:11,ROM SIZE		 13454		(HEX.0000348E)
2019/9/17,16:43:11,RAM SIZE		 556		(HEX.0000022C)
2019/9/17,16:58:43,ROM SIZE		 13456		(HEX.00003490)
2019/9/17,16:58:43,RAM SIZE		 556		(HEX.0000022C)
2019/9/17,17:04:42,ROM SIZE		 13444		(HEX.00003484)
2019/9/17,17:04:42,RAM SIZE		 556		(HEX.0000022C)
2019/9/17,17:09:03,ROM SIZE		 13441		(HEX.00003481)
2019/9/17,17:09:03,RAM SIZE		 556		(HEX.0000022C)
2019/9/17,17:12:34,ROM SIZE		 13441		(HEX.00003481)
2019/9/17,17:12:34,RAM SIZE		 556		(HEX.0000022C)
2019/9/17,17:17:25,ROM SIZE		 13441		(HEX.00003481)
2019/9/17,17:17:25,RAM SIZE		 556		(HEX.0000022C)
